<?xml version="1.0" encoding="UTF-8"?>
<testsuite xmlns:xsi="http://www.w3.org/2001/XMLSchema-instance" xsi:noNamespaceSchemaLocation="https://maven.apache.org/surefire/maven-surefire-plugin/xsd/surefire-test-report.xsd" name="tr.edu.metu.sm703.SM703ExampleTest" time="0.058" tests="4" errors="0" skipped="0" failures="0">
  <properties>
[...]
</properties>
  <testcase name="checkEqualsForZeroNullEquals" classname="tr.edu.metu.sm703.SM703ExampleTest" time="0.034"/>
  <testcase name="checkEqualsForNotEquals" classname="tr.edu.metu.sm703.SM703ExampleTest" time="0"/>
  <testcase name="checkEqualsForEquals" classname="tr.edu.metu.sm703.SM703ExampleTest" time="0"/>
  <testcase name="checkEqualsForTwoNulls" classname="tr.edu.metu.sm703.SM703ExampleTest" time="0"/>
</testsuite>